<?xml version="1.0" encoding="UTF-8"?>
<testng-results ignored="0" total="1" passed="1" failed="0" skipped="0">
  <reporter-output>
  </reporter-output>
  <suite started-at="2021-02-20T17:01:36 BDT" name="Default suite" finished-at="2021-02-20T17:02:29 BDT" duration-ms="52958">
    <groups>
    </groups>
    <test started-at="2021-02-20T17:01:36 BDT" name="Default test" finished-at="2021-02-20T17:02:29 BDT" duration-ms="52958">
      <class name="com.selenium.demo.Shawpno">
        <test-method is-config="true" signature="setLocation()[pri:0, instance:com.selenium.demo.Shawpno@7770f470]" started-at="2021-02-20T17:01:05 BDT" name="setLocation" finished-at="2021-02-20T17:01:36 BDT" duration-ms="31473" status="PASS">
          <reporter-output>
          </reporter-output>
        </test-method> <!-- setLocation -->
        <test-method is-config="true" signature="findProduct()[pri:0, instance:com.selenium.demo.Shawpno@7770f470]" started-at="2021-02-20T17:01:36 BDT" name="findProduct" finished-at="2021-02-20T17:02:20 BDT" duration-ms="43837" status="PASS">
          <reporter-output>
          </reporter-output>
        </test-method> <!-- findProduct -->
        <test-method is-config="true" signature="loginModule()[pri:0, instance:com.selenium.demo.Shawpno@7770f470]" started-at="2021-02-20T17:02:20 BDT" name="loginModule" finished-at="2021-02-20T17:02:25 BDT" duration-ms="4776" status="PASS">
          <reporter-output>
          </reporter-output>
        </test-method> <!-- loginModule -->
        <test-method signature="addProduct()[pri:0, instance:com.selenium.demo.Shawpno@7770f470]" started-at="2021-02-20T17:02:25 BDT" name="addProduct" finished-at="2021-02-20T17:02:29 BDT" duration-ms="4168" status="PASS">
          <reporter-output>
          </reporter-output>
        </test-method> <!-- addProduct -->
        <test-method is-config="true" signature="viewCart()[pri:0, instance:com.selenium.demo.Shawpno@7770f470]" started-at="2021-02-20T17:02:30 BDT" name="viewCart" finished-at="2021-02-20T17:02:33 BDT" duration-ms="3394" status="PASS">
          <reporter-output>
          </reporter-output>
        </test-method> <!-- viewCart -->
      </class> <!-- com.selenium.demo.Shawpno -->
    </test> <!-- Default test -->
  </suite> <!-- Default suite -->
</testng-results>
